#
# There is insufficient memory for the Java Runtime Environment to continue.
# Native memory allocation (malloc) failed to allocate 1476400 bytes for Chunk::new
# Possible reasons:
#   The system is out of physical RAM or swap space
#   In 32 bit mode, the process size limit was hit
# Possible solutions:
#   Reduce memory load on the system
#   Increase physical memory or swap space
#   Check if swap backing store is full
#   Use 64 bit Java on a 64 bit OS
#   Decrease Java heap size (-Xmx/-Xms)
#   Decrease number of Java threads
#   Decrease Java thread stack sizes (-Xss)
#   Set larger code cache with -XX:ReservedCodeCacheSize=
# This output file may be truncated or incomplete.
#
#  Out of Memory Error (allocation.cpp:390), pid=100404, tid=91872
#
# JRE version: Java(TM) SE Runtime Environment (8.0_45-b15) (build 1.8.0_45-b15)
# Java VM: Java HotSpot(TM) 64-Bit Server VM (25.45-b02 mixed mode windows-amd64 compressed oops)
# Failed to write core dump. Minidumps are not enabled by default on client versions of Windows
#

---------------  T H R E A D  ---------------

Current thread (0x0000000014436000):  JavaThread "C2 CompilerThread1" daemon [_thread_in_native, id=91872, stack(0x0000000015a90000,0x0000000015b90000)]

Stack: [0x0000000015a90000,0x0000000015b90000]
Native frames: (J=compiled Java code, j=interpreted, Vv=VM code, C=native code)
V  [jvm.dll+0x32b57a]
V  [jvm.dll+0x279873]
V  [jvm.dll+0x27a509]
V  [jvm.dll+0x271825]
V  [jvm.dll+0xcb9e2]
V  [jvm.dll+0xcbeac]
V  [jvm.dll+0x4929e7]
V  [jvm.dll+0x45f6ff]
V  [jvm.dll+0x46a73b]
V  [jvm.dll+0x46cd52]
V  [jvm.dll+0x4500f2]
V  [jvm.dll+0xa4352]
V  [jvm.dll+0xa4c8f]
V  [jvm.dll+0x241984]
V  [jvm.dll+0x29853a]
C  [msvcr100.dll+0x21d9f]
C  [msvcr100.dll+0x21e3b]
C  [KERNEL32.DLL+0x12d92]
C  [ntdll.dll+0x9f64]


Current CompileTask:
C2:   9121 1558   !   4       java.net.URLClassLoader$1::run (63 bytes)


---------------  P R O C E S S  ---------------

Java Threads: ( => current thread )
  0x000000001637a000 JavaThread "File lock request listener" [_thread_in_native, id=101796, stack(0x0000000019c60000,0x0000000019d60000)]
  0x00000000164fc000 JavaThread "Stdin handler" [_thread_blocked, id=101660, stack(0x0000000018590000,0x0000000018690000)]
  0x0000000015db1800 JavaThread "Daemon worker" [_thread_in_Java, id=101512, stack(0x0000000018490000,0x0000000018590000)]
  0x0000000015dd1800 JavaThread "Cancel handler" [_thread_blocked, id=101740, stack(0x0000000018390000,0x0000000018490000)]
  0x0000000016534800 JavaThread "Handler for socket connection from /127.0.0.1:51575 to /127.0.0.1:51578" [_thread_in_native, id=101616, stack(0x0000000018290000,0x0000000018390000)]
  0x0000000016534000 JavaThread "Daemon" [_thread_blocked, id=100628, stack(0x0000000018190000,0x0000000018290000)]
  0x0000000016313000 JavaThread "Incoming local TCP Connector on port 51575" [_thread_in_native, id=96908, stack(0x0000000016a90000,0x0000000016b90000)]
  0x0000000015cc5000 JavaThread "Service Thread" daemon [_thread_blocked, id=98724, stack(0x0000000016090000,0x0000000016190000)]
  0x000000001445a000 JavaThread "C1 CompilerThread2" daemon [_thread_blocked, id=98408, stack(0x0000000015b90000,0x0000000015c90000)]
=>0x0000000014436000 JavaThread "C2 CompilerThread1" daemon [_thread_in_native, id=91872, stack(0x0000000015a90000,0x0000000015b90000)]
  0x0000000014432800 JavaThread "C2 CompilerThread0" daemon [_thread_in_native, id=101504, stack(0x0000000015990000,0x0000000015a90000)]
  0x000000001442d800 JavaThread "Attach Listener" daemon [_thread_blocked, id=101528, stack(0x0000000015890000,0x0000000015990000)]
  0x000000001442c800 JavaThread "Signal Dispatcher" daemon [_thread_blocked, id=101532, stack(0x0000000015790000,0x0000000015890000)]
  0x00000000030b7800 JavaThread "Finalizer" daemon [_thread_blocked, id=101536, stack(0x0000000015690000,0x0000000015790000)]
  0x00000000030ae800 JavaThread "Reference Handler" daemon [_thread_blocked, id=96472, stack(0x0000000015590000,0x0000000015690000)]
  0x0000000002fc2800 JavaThread "main" [_thread_blocked, id=77712, stack(0x0000000002ec0000,0x0000000002fc0000)]

Other Threads:
  0x00000000143f8000 VMThread [stack: 0x0000000015490000,0x0000000015590000] [id=95584]
  0x0000000015cc6800 WatcherThread [stack: 0x0000000016190000,0x0000000016290000] [id=93744]

VM state:not at safepoint (normal execution)

VM Mutex/Monitor currently owned by a thread: None

Heap:
 PSYoungGen      total 16384K, used 11436K [0x00000000f5580000, 0x00000000f7d80000, 0x0000000100000000)
  eden space 14336K, 65% used [0x00000000f5580000,0x00000000f5eaf0b8,0x00000000f6380000)
  from space 2048K, 99% used [0x00000000f6380000,0x00000000f657c030,0x00000000f6580000)
  to   space 6144K, 0% used [0x00000000f7780000,0x00000000f7780000,0x00000000f7d80000)
 ParOldGen       total 36864K, used 8173K [0x00000000e0000000, 0x00000000e2400000, 0x00000000f5580000)
  object space 36864K, 22% used [0x00000000e0000000,0x00000000e07fb718,0x00000000e2400000)
 Metaspace       used 16890K, capacity 17290K, committed 17536K, reserved 1064960K
  class space    used 2282K, capacity 2417K, committed 2432K, reserved 1048576K

Card table byte_map: [0x0000000012480000,0x0000000012590000] byte_map_base: 0x0000000011d80000

Marking Bits: (ParMarkBitMap*) 0x0000000051bd4040
 Begin Bits: [0x0000000012990000, 0x0000000013190000)
 End Bits:   [0x0000000013190000, 0x0000000013990000)

Polling page: 0x00000000010e0000

CodeCache: size=245760Kb used=4879Kb max_used=5165Kb free=240880Kb
 bounds [0x00000000030c0000, 0x00000000035d0000, 0x00000000120c0000]
 total_blobs=1833 nmethods=1462 adapters=283
 compilation: enabled

Compilation events (10 events):
Event: 8.594 Thread 0x000000001445a000 1576       3       sun.reflect.ReflectionFactory::copyConstructor (10 bytes)
Event: 8.595 Thread 0x000000001445a000 nmethod 1576 0x00000000032e8010 code [0x00000000032e81a0, 0x00000000032e8588]
Event: 8.660 Thread 0x000000001445a000 1579       3       java.io.FileInputStream::read (9 bytes)
Event: 8.660 Thread 0x000000001445a000 nmethod 1579 0x00000000031f6910 code [0x00000000031f6a80, 0x00000000031f6c08]
Event: 8.661 Thread 0x000000001445a000 1580       3       java.security.MessageDigest::update (45 bytes)
Event: 8.661 Thread 0x000000001445a000 nmethod 1580 0x00000000031d2150 code [0x00000000031d22e0, 0x00000000031d26e8]
Event: 8.733 Thread 0x000000001445a000 1581       3       java.io.File::<init> (20 bytes)
Event: 8.734 Thread 0x000000001445a000 nmethod 1581 0x0000000003209610 code [0x0000000003209760, 0x0000000003209950]
Event: 8.752 Thread 0x000000001445a000 1582       3       java.net.URI::decode (370 bytes)
Event: 8.758 Thread 0x000000001445a000 nmethod 1582 0x00000000032a7c10 code [0x00000000032a80e0, 0x00000000032abae8]

GC Heap History (10 events):
Event: 4.218 GC heap before
{Heap before GC invocations=1 (full 0):
 PSYoungGen      total 16384K, used 14336K [0x00000000f5580000, 0x00000000f6780000, 0x0000000100000000)
  eden space 14336K, 100% used [0x00000000f5580000,0x00000000f6380000,0x00000000f6380000)
  from space 2048K, 0% used [0x00000000f6580000,0x00000000f6580000,0x00000000f6780000)
  to   space 2048K, 0% used [0x00000000f6380000,0x00000000f6380000,0x00000000f6580000)
 ParOldGen       total 36864K, used 0K [0x00000000e0000000, 0x00000000e2400000, 0x00000000f5580000)
  object space 36864K, 0% used [0x00000000e0000000,0x00000000e0000000,0x00000000e2400000)
 Metaspace       used 5486K, capacity 5912K, committed 6144K, reserved 1056768K
  class space    used 699K, capacity 760K, committed 768K, reserved 1048576K
Event: 4.227 GC heap after
Heap after GC invocations=1 (full 0):
 PSYoungGen      total 16384K, used 2027K [0x00000000f5580000, 0x00000000f6780000, 0x0000000100000000)
  eden space 14336K, 0% used [0x00000000f5580000,0x00000000f5580000,0x00000000f6380000)
  from space 2048K, 99% used [0x00000000f6380000,0x00000000f657ae30,0x00000000f6580000)
  to   space 2048K, 0% used [0x00000000f6580000,0x00000000f6580000,0x00000000f6780000)
 ParOldGen       total 36864K, used 819K [0x00000000e0000000, 0x00000000e2400000, 0x00000000f5580000)
  object space 36864K, 2% used [0x00000000e0000000,0x00000000e00cccf0,0x00000000e2400000)
 Metaspace       used 5486K, capacity 5912K, committed 6144K, reserved 1056768K
  class space    used 699K, capacity 760K, committed 768K, reserved 1048576K
}
Event: 4.912 GC heap before
{Heap before GC invocations=2 (full 0):
 PSYoungGen      total 16384K, used 16363K [0x00000000f5580000, 0x00000000f6780000, 0x0000000100000000)
  eden space 14336K, 100% used [0x00000000f5580000,0x00000000f6380000,0x00000000f6380000)
  from space 2048K, 99% used [0x00000000f6380000,0x00000000f657ae30,0x00000000f6580000)
  to   space 2048K, 0% used [0x00000000f6580000,0x00000000f6580000,0x00000000f6780000)
 ParOldGen       total 36864K, used 819K [0x00000000e0000000, 0x00000000e2400000, 0x00000000f5580000)
  object space 36864K, 2% used [0x00000000e0000000,0x00000000e00cccf0,0x00000000e2400000)
 Metaspace       used 5701K, capacity 6032K, committed 6272K, reserved 1056768K
  class space    used 732K, capacity 800K, committed 896K, reserved 1048576K
Event: 4.918 GC heap after
Heap after GC invocations=2 (full 0):
 PSYoungGen      total 16384K, used 2031K [0x00000000f5580000, 0x00000000f6780000, 0x0000000100000000)
  eden space 14336K, 0% used [0x00000000f5580000,0x00000000f5580000,0x00000000f6380000)
  from space 2048K, 99% used [0x00000000f6580000,0x00000000f677bde0,0x00000000f6780000)
  to   space 2048K, 0% used [0x00000000f6380000,0x00000000f6380000,0x00000000f6580000)
 ParOldGen       total 36864K, used 957K [0x00000000e0000000, 0x00000000e2400000, 0x00000000f5580000)
  object space 36864K, 2% used [0x00000000e0000000,0x00000000e00ef418,0x00000000e2400000)
 Metaspace       used 5701K, capacity 6032K, committed 6272K, reserved 1056768K
  class space    used 732K, capacity 800K, committed 896K, reserved 1048576K
}
Event: 6.720 GC heap before
{Heap before GC invocations=3 (full 0):
 PSYoungGen      total 16384K, used 16367K [0x00000000f5580000, 0x00000000f6780000, 0x0000000100000000)
  eden space 14336K, 100% used [0x00000000f5580000,0x00000000f6380000,0x00000000f6380000)
  from space 2048K, 99% used [0x00000000f6580000,0x00000000f677bde0,0x00000000f6780000)
  to   space 2048K, 0% used [0x00000000f6380000,0x00000000f6380000,0x00000000f6580000)
 ParOldGen       total 36864K, used 957K [0x00000000e0000000, 0x00000000e2400000, 0x00000000f5580000)
  object space 36864K, 2% used [0x00000000e0000000,0x00000000e00ef418,0x00000000e2400000)
 Metaspace       used 10382K, capacity 10762K, committed 11008K, reserved 1058816K
  class space    used 1345K, capacity 1457K, committed 1536K, reserved 1048576K
Event: 6.734 GC heap after
Heap after GC invocations=3 (full 0):
 PSYoungGen      total 16384K, used 2048K [0x00000000f5580000, 0x00000000f6780000, 0x0000000100000000)
  eden space 14336K, 0% used [0x00000000f5580000,0x00000000f5580000,0x00000000f6380000)
  from space 2048K, 100% used [0x00000000f6380000,0x00000000f6580000,0x00000000f6580000)
  to   space 2048K, 0% used [0x00000000f6580000,0x00000000f6580000,0x00000000f6780000)
 ParOldGen       total 36864K, used 2771K [0x00000000e0000000, 0x00000000e2400000, 0x00000000f5580000)
  object space 36864K, 7% used [0x00000000e0000000,0x00000000e02b4d08,0x00000000e2400000)
 Metaspace       used 10382K, capacity 10762K, committed 11008K, reserved 1058816K
  class space    used 1345K, capacity 1457K, committed 1536K, reserved 1048576K
}
Event: 7.313 GC heap before
{Heap before GC invocations=4 (full 0):
 PSYoungGen      total 16384K, used 16384K [0x00000000f5580000, 0x00000000f6780000, 0x0000000100000000)
  eden space 14336K, 100% used [0x00000000f5580000,0x00000000f6380000,0x00000000f6380000)
  from space 2048K, 100% used [0x00000000f6380000,0x00000000f6580000,0x00000000f6580000)
  to   space 2048K, 0% used [0x00000000f6580000,0x00000000f6580000,0x00000000f6780000)
 ParOldGen       total 36864K, used 2771K [0x00000000e0000000, 0x00000000e2400000, 0x00000000f5580000)
  object space 36864K, 7% used [0x00000000e0000000,0x00000000e02b4d08,0x00000000e2400000)
 Metaspace       used 12097K, capacity 12522K, committed 12800K, reserved 1060864K
  class space    used 1625K, capacity 1745K, committed 1792K, reserved 1048576K
Event: 7.326 GC heap after
Heap after GC invocations=4 (full 0):
 PSYoungGen      total 16384K, used 2048K [0x00000000f5580000, 0x00000000f6780000, 0x0000000100000000)
  eden space 14336K, 0% used [0x00000000f5580000,0x00000000f5580000,0x00000000f6380000)
  from space 2048K, 100% used [0x00000000f6580000,0x00000000f6780000,0x00000000f6780000)
  to   space 2048K, 0% used [0x00000000f6380000,0x00000000f6380000,0x00000000f6580000)
 ParOldGen       total 36864K, used 4951K [0x00000000e0000000, 0x00000000e2400000, 0x00000000f5580000)
  object space 36864K, 13% used [0x00000000e0000000,0x00000000e04d5c98,0x00000000e2400000)
 Metaspace       used 12097K, capacity 12522K, committed 12800K, reserved 1060864K
  class space    used 1625K, capacity 1745K, committed 1792K, reserved 1048576K
}
Event: 8.236 GC heap before
{Heap before GC invocations=5 (full 0):
 PSYoungGen      total 16384K, used 16384K [0x00000000f5580000, 0x00000000f6780000, 0x0000000100000000)
  eden space 14336K, 100% used [0x00000000f5580000,0x00000000f6380000,0x00000000f6380000)
  from space 2048K, 100% used [0x00000000f6580000,0x00000000f6780000,0x00000000f6780000)
  to   space 2048K, 0% used [0x00000000f6380000,0x00000000f6380000,0x00000000f6580000)
 ParOldGen       total 36864K, used 4951K [0x00000000e0000000, 0x00000000e2400000, 0x00000000f5580000)
  object space 36864K, 13% used [0x00000000e0000000,0x00000000e04d5c98,0x00000000e2400000)
 Metaspace       used 15883K, capacity 16202K, committed 16384K, reserved 1062912K
  class space    used 2111K, capacity 2225K, committed 2304K, reserved 1048576K
Event: 8.253 GC heap after
Heap after GC invocations=5 (full 0):
 PSYoungGen      total 16384K, used 2032K [0x00000000f5580000, 0x00000000f7d80000, 0x0000000100000000)
  eden space 14336K, 0% used [0x00000000f5580000,0x00000000f5580000,0x00000000f6380000)
  from space 2048K, 99% used [0x00000000f6380000,0x00000000f657c030,0x00000000f6580000)
  to   space 6144K, 0% used [0x00000000f7780000,0x00000000f7780000,0x00000000f7d80000)
 ParOldGen       total 36864K, used 8173K [0x00000000e0000000, 0x00000000e2400000, 0x00000000f5580000)
  object space 36864K, 22% used [0x00000000e0000000,0x00000000e07fb718,0x00000000e2400000)
 Metaspace       used 15883K, capacity 16202K, committed 16384K, reserved 1062912K
  class space    used 2111K, capacity 2225K, committed 2304K, reserved 1048576K
}

Deoptimization events (10 events):
Event: 7.942 Thread 0x0000000015db1800 Uncommon trap: reason=bimorphic action=maybe_recompile pc=0x000000000352ca20 method=java.util.HashMap.putVal(ILjava/lang/Object;Ljava/lang/Object;ZZ)Ljava/lang/Object; @ 203
Event: 7.943 Thread 0x0000000015db1800 Uncommon trap: reason=unstable_if action=reinterpret pc=0x00000000033a37bc method=java.util.HashMap.getNode(ILjava/lang/Object;)Ljava/util/HashMap$Node; @ 129
Event: 7.948 Thread 0x0000000015db1800 Uncommon trap: reason=bimorphic action=maybe_recompile pc=0x000000000352ca20 method=java.util.HashMap.putVal(ILjava/lang/Object;Ljava/lang/Object;ZZ)Ljava/lang/Object; @ 203
Event: 7.954 Thread 0x0000000015db1800 Uncommon trap: reason=bimorphic action=maybe_recompile pc=0x000000000352bb1c method=java.util.HashMap.putVal(ILjava/lang/Object;Ljava/lang/Object;ZZ)Ljava/lang/Object; @ 203
Event: 8.347 Thread 0x0000000015db1800 Uncommon trap: reason=class_check action=maybe_recompile pc=0x000000000332cf5c method=java.util.regex.Matcher.match(II)Z @ 86
Event: 8.347 Thread 0x0000000015db1800 Uncommon trap: reason=class_check action=maybe_recompile pc=0x000000000332cf5c method=java.util.regex.Matcher.match(II)Z @ 86
Event: 8.457 Thread 0x0000000015db1800 Uncommon trap: reason=class_check action=maybe_recompile pc=0x00000000035c9bb4 method=org.gradle.internal.service.DefaultServiceRegistry$SingletonService.getService(Lorg/gradle/internal/service/DefaultServiceRegistry$LookupContext;Lorg/gradle/internal/serv`„Ê÷é @
Event: 8.457 Thread 0x0000000015db1800 Uncommon trap: reason=class_check action=maybe_recompile pc=0x00000000035c9bb4 method=org.gradle.internal.service.DefaultServiceRegistry$SingletonService.getService(Lorg/gradle/internal/service/DefaultServiceRegistry$LookupContext;Lorg/gradle/internal/serv6)­ýé @
Event: 8.457 Thread 0x0000000015db1800 Uncommon trap: reason=class_check action=maybe_recompile pc=0x00000000035c9bb4 method=org.gradle.internal.service.DefaultServiceRegistry$SingletonService.getService(Lorg/gradle/internal/service/DefaultServiceRegistry$LookupContext;Lorg/gradle/internal/serv
Event: 8.457 Thread 0x0000000015db1800 Uncommon trap: reason=class_check action=maybe_recompile pc=0x00000000035c9bb4 method=org.gradle.internal.service.DefaultServiceRegistry$SingletonService.getService(Lorg/gradle/internal/service/DefaultServiceRegistry$LookupContext;Lorg/gradle/internal/servRÇDJÅ@

Internal exceptions (10 events):
Event: 7.867 Thread 0x0000000015db1800 Exception <a 'java/lang/ClassNotFoundException': groovy/lang/ExpandoMetaClassBeanInfo> (0x00000000f5d3de38) thrown at [C:\re\workspace\8-2-build-windows-amd64-cygwin\jdk8u45\3627\hotspot\src\share\vm\classfile\systemDictionary.cpp, line 210]
Event: 7.868 Thread 0x0000000015db1800 Exception <a 'java/lang/ClassNotFoundException': groovy/lang/MetaClassImplBeanInfo> (0x00000000f5d47f58) thrown at [C:\re\workspace\8-2-build-windows-amd64-cygwin\jdk8u45\3627\hotspot\src\share\vm\classfile\systemDictionary.cpp, line 210]
Event: 7.868 Thread 0x0000000015db1800 Exception <a 'java/lang/ClassNotFoundException': java/lang/ObjectBeanInfo> (0x00000000f5d4c910) thrown at [C:\re\workspace\8-2-build-windows-amd64-cygwin\jdk8u45\3627\hotspot\src\share\vm\classfile\systemDictionary.cpp, line 210]
Event: 7.869 Thread 0x0000000015db1800 Exception <a 'java/lang/ClassNotFoundException': java/lang/ObjectCustomizer> (0x00000000f5d51410) thrown at [C:\re\workspace\8-2-build-windows-amd64-cygwin\jdk8u45\3627\hotspot\src\share\vm\classfile\systemDictionary.cpp, line 210]
Event: 7.881 Thread 0x0000000015db1800 Exception <a 'java/lang/ClassNotFoundException': groovy/lang/MetaClassImplCustomizer> (0x00000000f5d63300) thrown at [C:\re\workspace\8-2-build-windows-amd64-cygwin\jdk8u45\3627\hotspot\src\share\vm\classfile\systemDictionary.cpp, line 210]
Event: 7.888 Thread 0x0000000015db1800 Exception <a 'java/lang/ClassNotFoundException': groovy/lang/ExpandoMetaClassCustomizer> (0x00000000f5d95ce8) thrown at [C:\re\workspace\8-2-build-windows-amd64-cygwin\jdk8u45\3627\hotspot\src\share\vm\classfile\systemDictionary.cpp, line 210]
Event: 7.927 Thread 0x0000000015db1800 Exception <a 'java/lang/ClassNotFoundException': org/gradle/api/internal/plugins/DefaultExtraPropertiesExtensionBeanInfo> (0x00000000f5e12e18) thrown at [C:\re\workspace\8-2-build-windows-amd64-cygwin\jdk8u45\3627\hotspot\src\share\vm\classfile\systemDictiNA£ykµ@
Event: 7.927 Thread 0x0000000015db1800 Exception <a 'java/lang/ClassNotFoundException': groovy/lang/GroovyObjectSupportBeanInfo> (0x00000000f5e1e070) thrown at [C:\re\workspace\8-2-build-windows-amd64-cygwin\jdk8u45\3627\hotspot\src\share\vm\classfile\systemDictionary.cpp, line 210]
Event: 7.928 Thread 0x0000000015db1800 Exception <a 'java/lang/ClassNotFoundException': groovy/lang/GroovyObjectSupportCustomizer> (0x00000000f5e295f8) thrown at [C:\re\workspace\8-2-build-windows-amd64-cygwin\jdk8u45\3627\hotspot\src\share\vm\classfile\systemDictionary.cpp, line 210]
Event: 7.929 Thread 0x0000000015db1800 Exception <a 'java/lang/ClassNotFoundException': org/gradle/api/internal/plugins/DefaultExtraPropertiesExtensionCustomizer> (0x00000000f5e3eb78) thrown at [C:\re\workspace\8-2-build-windows-amd64-cygwin\jdk8u45\3627\hotspot\src\share\vm\classfile\systemDicpôZ™òw@

Events (10 events):
Event: 9.060 Thread 0x0000000015db1800 DEOPT PACKING pc=0x000000000346163e sp=0x000000001858d360
Event: 9.060 Thread 0x0000000015db1800 DEOPT UNPACKING pc=0x000000000310787f sp=0x000000001858d060 mode 0
Event: 9.061 Thread 0x0000000015db1800 DEOPT PACKING pc=0x000000000346163e sp=0x000000001858d360
Event: 9.061 Thread 0x0000000015db1800 DEOPT UNPACKING pc=0x000000000310787f sp=0x000000001858d060 mode 0
Event: 9.061 Thread 0x0000000015db1800 DEOPT PACKING pc=0x000000000346163e sp=0x000000001858d360
Event: 9.062 Thread 0x0000000015db1800 DEOPT UNPACKING pc=0x000000000310787f sp=0x000000001858d060 mode 0
Event: 9.062 Thread 0x0000000015db1800 DEOPT PACKING pc=0x000000000346163e sp=0x000000001858d360
Event: 9.062 Thread 0x0000000015db1800 DEOPT UNPACKING pc=0x000000000310787f sp=0x000000001858d060 mode 0
Event: 9.062 Thread 0x0000000015db1800 DEOPT PACKING pc=0x000000000346163e sp=0x000000001858d360
Event: 9.062 Thread 0x0000000015db1800 DEOPT UNPACKING pc=0x000000000310787f sp=0x000000001858d060 mode 0


Dynamic libraries:
0x00007ff7fe590000 - 0x00007ff7fe5c7000 	C:\Program Files\Java\jdk1.8.0_45\bin\java.exe
0x00007ff8fb390000 - 0x00007ff8fb552000 	C:\WINDOWS\SYSTEM32\ntdll.dll
0x00007ff8f92e0000 - 0x00007ff8f938d000 	C:\WINDOWS\system32\KERNEL32.DLL
0x00007ff8f8800000 - 0x00007ff8f89dd000 	C:\WINDOWS\system32\KERNELBASE.dll
0x00007ff8fa930000 - 0x00007ff8fa9d6000 	C:\WINDOWS\system32\ADVAPI32.dll
0x00007ff8fa9e0000 - 0x00007ff8faa7d000 	C:\WINDOWS\system32\msvcrt.dll
0x00007ff8fb1e0000 - 0x00007ff8fb23b000 	C:\WINDOWS\system32\sechost.dll
0x00007ff8fb0b0000 - 0x00007ff8fb1d6000 	C:\WINDOWS\system32\RPCRT4.dll
0x00007ff8faf60000 - 0x00007ff8fb0ae000 	C:\WINDOWS\system32\USER32.dll
0x00007ff8fadd0000 - 0x00007ff8faf56000 	C:\WINDOWS\system32\GDI32.dll
0x00007ff8efd00000 - 0x00007ff8eff74000 	C:\WINDOWS\WinSxS\amd64_microsoft.windows.common-controls_6595b64144ccf1df_6.0.10240.16384_none_f41f7b285750ef43\COMCTL32.dll
0x00007ff8f9240000 - 0x00007ff8f9276000 	C:\WINDOWS\system32\IMM32.DLL
0x00007ff8f90e0000 - 0x00007ff8f923c000 	C:\WINDOWS\system32\MSCTF.dll
0x0000000050f30000 - 0x0000000051002000 	C:\Program Files\Java\jdk1.8.0_45\jre\bin\msvcr100.dll
0x00000000513d0000 - 0x0000000051c53000 	C:\Program Files\Java\jdk1.8.0_45\jre\bin\server\jvm.dll
0x00007ff8f8cc0000 - 0x00007ff8f8cc8000 	C:\WINDOWS\system32\PSAPI.DLL
0x00007ff8ea460000 - 0x00007ff8ea469000 	C:\WINDOWS\SYSTEM32\WSOCK32.dll
0x00007ff8f5f80000 - 0x00007ff8f5fa3000 	C:\WINDOWS\SYSTEM32\WINMM.dll
0x00007ff8eef70000 - 0x00007ff8eef7a000 	C:\WINDOWS\SYSTEM32\VERSION.dll
0x00007ff8f8ea0000 - 0x00007ff8f8f09000 	C:\WINDOWS\system32\WS2_32.dll
0x00007ff8fac80000 - 0x00007ff8fac88000 	C:\WINDOWS\system32\NSI.dll
0x00007ff8f5e90000 - 0x00007ff8f5ebc000 	C:\WINDOWS\SYSTEM32\WINMMBASE.dll
0x00007ff8f8520000 - 0x00007ff8f8564000 	C:\WINDOWS\system32\cfgmgr32.dll
0x00007ff8f6670000 - 0x00007ff8f6697000 	C:\WINDOWS\SYSTEM32\DEVOBJ.dll
0x00000000525a0000 - 0x00000000525af000 	C:\Program Files\Java\jdk1.8.0_45\jre\bin\verify.dll
0x00000000513a0000 - 0x00000000513c9000 	C:\Program Files\Java\jdk1.8.0_45\jre\bin\java.dll
0x0000000051380000 - 0x0000000051396000 	C:\Program Files\Java\jdk1.8.0_45\jre\bin\zip.dll
0x00007ff8f93a0000 - 0x00007ff8fa8c2000 	C:\WINDOWS\system32\SHELL32.dll
0x00007ff8f7ef0000 - 0x00007ff8f8518000 	C:\WINDOWS\system32\windows.storage.dll
0x00007ff8f8a40000 - 0x00007ff8f8cbc000 	C:\WINDOWS\system32\combase.dll
0x00007ff8faa80000 - 0x00007ff8faad1000 	C:\WINDOWS\system32\shlwapi.dll
0x00007ff8f7e10000 - 0x00007ff8f7e1f000 	C:\WINDOWS\system32\kernel.appcore.dll
0x00007ff8f8570000 - 0x00007ff8f8623000 	C:\WINDOWS\system32\shcore.dll
0x00007ff8f7da0000 - 0x00007ff8f7dea000 	C:\WINDOWS\system32\powrprof.dll
0x00007ff8f7e20000 - 0x00007ff8f7e33000 	C:\WINDOWS\system32\profapi.dll
0x0000000051360000 - 0x000000005137a000 	C:\Program Files\Java\jdk1.8.0_45\jre\bin\net.dll
0x00007ff8f75b0000 - 0x00007ff8f760d000 	C:\WINDOWS\system32\mswsock.dll
0x0000000051340000 - 0x0000000051351000 	C:\Program Files\Java\jdk1.8.0_45\jre\bin\nio.dll
0x00007ff8e10e0000 - 0x00007ff8e10f2000 	C:\Users\SAAS Student\.gradle\native\19\windows-amd64\native-platform.dll
0x00007ff8f3d10000 - 0x00007ff8f3d48000 	C:\WINDOWS\SYSTEM32\IPHLPAPI.DLL
0x00007ff8f3b10000 - 0x00007ff8f3b1b000 	C:\WINDOWS\SYSTEM32\WINNSI.DLL
0x00007ff8f2950000 - 0x00007ff8f2966000 	C:\WINDOWS\SYSTEM32\dhcpcsvc6.DLL
0x00007ff8f2df0000 - 0x00007ff8f2e0a000 	C:\WINDOWS\SYSTEM32\dhcpcsvc.DLL
0x00007ff8f7610000 - 0x00007ff8f7627000 	C:\WINDOWS\SYSTEM32\CRYPTSP.dll
0x00007ff8f7cd0000 - 0x00007ff8f7cf8000 	C:\WINDOWS\SYSTEM32\bcrypt.dll
0x00007ff8f7260000 - 0x00007ff8f7293000 	C:\WINDOWS\system32\rsaenh.dll
0x00007ff8f7540000 - 0x00007ff8f755f000 	C:\WINDOWS\SYSTEM32\USERENV.dll
0x00007ff8f7b60000 - 0x00007ff8f7bcb000 	C:\WINDOWS\system32\bcryptprimitives.dll
0x00007ff8f7850000 - 0x00007ff8f785b000 	C:\WINDOWS\SYSTEM32\CRYPTBASE.dll
0x00007ff8f3690000 - 0x00007ff8f381a000 	C:\WINDOWS\SYSTEM32\dbghelp.dll

VM Arguments:
jvm_args: -XX:MaxHeapSize=512m -Xmx512m -Dfile.encoding=windows-1252 -Duser.country=US -Duser.language=en -Duser.variant 
java_command: org.gradle.launcher.daemon.bootstrap.GradleDaemon 2.4 C:\Users\SAAS Student\.gradle C:\Users\SAAS Student\.gradle\daemon 10800000 aed45743-71b7-45eb-a197-532a971cdd2f -XX:MaxHeapSize=512m -Xmx512m -Dfile.encoding=windows-1252 -Duser.country=US -Duser.language=en -Duser.variant
java_class_path (initial): C:\Program Files\Android\Android Studio\gradle\gradle-2.4\lib\gradle-launcher-2.4.jar
Launcher Type: SUN_STANDARD

Environment Variables:
JAVA_HOME=C:\Program Files\Java\jdk1.8.0_45
PATH=C:\Program Files\ImageMagick-6.9.3-Q16;C:\Program Files (x86)\NVIDIA Corporation\PhysX\Common;C:\Program Files\Common Files\Microsoft Shared\Windows Live;C:\Program Files (x86)\Common Files\Microsoft Shared\Windows Live;C:\WINDOWS\system32;C:\WINDOWS;C:\WINDOWS\System32\Wbem;C:\WINDOWS\System32\WindowsPowerShell\v1.0\;C:\Program Files (x86)\Intel\Services\IPT\;C:\Program Files (x86)\Intel\OpenCL SDK\2.0\bin\x86;C:\Program Files (x86)\Intel\OpenCL SDK\2.0\bin\x64;C:\Program Files (x86)\IVI Foundation\VISA\WinNT\Bin;C:\Program Files (x86)\Git\cmd;C:\Program Files\Microsoft\Web Platform Installer\;C:\Program Files (x86)\Microsoft ASP.NET\ASP.NET Web Pages\v1.0\;C:\Program Files (x86)\Windows Kits\8.0\Windows Performance Toolkit\;C:\MinGW\bin;C:\Program Files (x86)\nodejs\;C:\Program Files\Steel Bank Common Lisp\1.2.1;C:\Python27;C:\Python27\Lib\site-packages\scipy;C:\Program Files\Intel\WiFi\bin\;C:\Program Files\Common Files\Intel\WirelessCommon\;C:\Program Files\Android\ADB;C:\Program Files (x86)\MySQL\MySQL Fabric 1.5.4 & MySQL Utilities 1.5.4 1.5\;C:\Program Files (x86)\MySQL\MySQL Fabric 1.5.4 & MySQL Utilities 1.5.4 1.5\Doctrine extensions for PHP\;C:\Python34\Scripts;C:\Program Files (x86)\Skype\Phone\;C:\Python;c:\Windows\Microsoft.NET\Framework\v4.0.30319\MSBuild.exe;C:\MinGW\bin;"c:\Program Files\Java\jre7\bin";"c:\Program Files (x86)\Java\jre7\bin";C:\FASM;C:\Users\SAAS Student\AppData\Roaming\npm;C:\Users\SAAS Student\Documents\Programming\Renderer Python\Wireframe;C:\Program Files\Intel\WiFi\bin\;C:\Program Files\Common Files\Intel\WirelessCommon\;C:\Users\SAAS Student\Desktop\Heimdall Suite;C:\Program Files\ImageMagick-6.9.1-Q16;C:/Python27;C:\Program Files\Java\jdk1.8.0_45\bin;C:\Users\SAAS Student\Documents\Robotics\2856\RobotConfigFiles;C:\Program Files\Docker Toolbox
USERNAME=Isaac Zinda
OS=Windows_NT
PROCESSOR_IDENTIFIER=Intel64 Family 6 Model 42 Stepping 7, GenuineIntel



---------------  S Y S T E M  ---------------

OS: Windows 10.0 , 64 bit Build 10240 (10.0.10240.16384)

CPU:total 4 (2 cores per cpu, 2 threads per core) family 6 model 42 stepping 7, cmov, cx8, fxsr, mmx, sse, sse2, sse3, ssse3, sse4.1, sse4.2, popcnt, avx, aes, clmul, ht, tsc, tscinvbit

Memory: 4k page, physical 3488348k(35244k free), swap 7478356k(3516k free)

vm_info: Java HotSpot(TM) 64-Bit Server VM (25.45-b02) for windows-amd64 JRE (1.8.0_45-b15), built on Apr 30 2015 12:40:44 by "java_re" with MS VC++ 10.0 (VS2010)

time: Mon Mar 14 12:25:12 2016
elapsed time: 9 seconds (0d 0h 0m 9s)

